The system is: Linux - 5.15.90.1-microsoft-standard-WSL2 - x86_64
Compiling the C compiler identification source file "CMakeCCompilerId.c" succeeded.
Compiler: /mnt/c/MinGW/bin/gcc.exe 
Build flags: 
Id flags:  

The output was:
0


Compilation of the C compiler identification source "CMakeCCompilerId.c" produced "a.exe"

The C compiler identification is GNU, found in "/home/thanhle1102/C++/DSA/huffman_coding_tree/build/CMakeFiles/3.16.3/CompilerIdC/a.exe"

Compiling the CXX compiler identification source file "CMakeCXXCompilerId.cpp" succeeded.
Compiler: /mnt/c/MinGW/bin/g++.exe 
Build flags: 
Id flags:  

The output was:
0


Compilation of the CXX compiler identification source "CMakeCXXCompilerId.cpp" produced "a.exe"

The CXX compiler identification is GNU, found in "/home/thanhle1102/C++/DSA/huffman_coding_tree/build/CMakeFiles/3.16.3/CompilerIdCXX/a.exe"

Determining if the C compiler works passed with the following output:
Change Dir: /home/thanhle1102/C++/DSA/huffman_coding_tree/build/CMakeFiles/CMakeTmp

Run Build Command(s):/usr/bin/make cmTC_47450/fast && /usr/bin/make -f CMakeFiles/cmTC_47450.dir/build.make CMakeFiles/cmTC_47450.dir/build
make[1]: Entering directory '/home/thanhle1102/C++/DSA/huffman_coding_tree/build/CMakeFiles/CMakeTmp'
Building C object CMakeFiles/cmTC_47450.dir/testCCompiler.c.o
/mnt/c/MinGW/bin/gcc.exe    -o CMakeFiles/cmTC_47450.dir/testCCompiler.c.o   -c /home/thanhle1102/C++/DSA/huffman_coding_tree/build/CMakeFiles/CMakeTmp/testCCompiler.c
Linking C executable cmTC_47450
/usr/bin/cmake -E cmake_link_script CMakeFiles/cmTC_47450.dir/link.txt --verbose=1
/mnt/c/MinGW/bin/gcc.exe      CMakeFiles/cmTC_47450.dir/testCCompiler.c.o  -o cmTC_47450 
make[1]: Leaving directory '/home/thanhle1102/C++/DSA/huffman_coding_tree/build/CMakeFiles/CMakeTmp'



Determining if the CXX compiler works passed with the following output:
Change Dir: /home/thanhle1102/C++/DSA/huffman_coding_tree/build/CMakeFiles/CMakeTmp

Run Build Command(s):/usr/bin/make cmTC_e9779/fast && /usr/bin/make -f CMakeFiles/cmTC_e9779.dir/build.make CMakeFiles/cmTC_e9779.dir/build
make[1]: Entering directory '/home/thanhle1102/C++/DSA/huffman_coding_tree/build/CMakeFiles/CMakeTmp'
Building CXX object CMakeFiles/cmTC_e9779.dir/testCXXCompiler.cxx.o
/mnt/c/MinGW/bin/g++.exe     -o CMakeFiles/cmTC_e9779.dir/testCXXCompiler.cxx.o -c /home/thanhle1102/C++/DSA/huffman_coding_tree/build/CMakeFiles/CMakeTmp/testCXXCompiler.cxx
Linking CXX executable cmTC_e9779
/usr/bin/cmake -E cmake_link_script CMakeFiles/cmTC_e9779.dir/link.txt --verbose=1
/mnt/c/MinGW/bin/g++.exe       CMakeFiles/cmTC_e9779.dir/testCXXCompiler.cxx.o  -o cmTC_e9779 
make[1]: Leaving directory '/home/thanhle1102/C++/DSA/huffman_coding_tree/build/CMakeFiles/CMakeTmp'



